
[Incubating] Problems report is available at: file:///D:/workspace_cli/fitnessApp/build/reports/problems/problems-report.html

FAILURE: Build completed with 2 failures.

1: Task failed with an exception.
-----------
* Where:
Build file 'D:\workspace_cli\fitnessApp\app\build.gradle.kts' line: 100

* What went wrong:
Cannot convert the provided notation to an object of type Dependency: org.gradle.accessors.dm.LibrariesForLibs$AndroidxUiToolingLibraryAccessors@4ccca3a3.
The following types/formats are supported:
  - String or CharSequence values, for example 'org.gradle:gradle-core:1.0'.
  - Maps, for example [group: 'org.gradle', name: 'gradle-core', version: '1.0'].
  - FileCollections, for example files('some.jar', 'someOther.jar').
  - Projects, for example project(':some:project:path').
  - ClassPathNotation, for example gradleApi().

Comprehensive documentation on dependency notations is available in DSL reference for DependencyHandler type.

* Try:
> Run with --stacktrace option to get the stack trace.
> Run with --info or --debug option to get more log output.
> Run with --scan to generate a Build Scan (Powered by Develocity).
> Get more help at https://help.gradle.org.
==============================================================================

2: Task failed with an exception.
-----------
* Where:
Build file 'D:\workspace_cli\fitnessApp\app\build.gradle.kts' line: 100

* What went wrong:
Cannot convert the provided notation to an object of type Dependency: org.gradle.accessors.dm.LibrariesForLibs$AndroidxUiToolingLibraryAccessors@4ccca3a3.
The following types/formats are supported:
  - String or CharSequence values, for example 'org.gradle:gradle-core:1.0'.
  - Maps, for example [group: 'org.gradle', name: 'gradle-core', version: '1.0'].
  - FileCollections, for example files('some.jar', 'someOther.jar').
  - Projects, for example project(':some:project:path').
  - ClassPathNotation, for example gradleApi().

Comprehensive documentation on dependency notations is available in DSL reference for DependencyHandler type.

* Try:
> Run with --stacktrace option to get the stack trace.
> Run with --info or --debug option to get more log output.
> Run with --scan to generate a Build Scan (Powered by Develocity).
> Get more help at https://help.gradle.org.
==============================================================================

Deprecated Gradle features were used in this build, making it incompatible with Gradle 10.

You can use '--warning-mode all' to show the individual deprecation warnings and determine if they come from your own scripts or plugins.

For more on this, please refer to https://docs.gradle.org/9.0.0/userguide/command_line_interface.html#sec:command_line_warnings in the Gradle documentation.

BUILD FAILED in 1s
